<?xml version="1.0" encoding="UTF-8"?>
<!-- Generated by org.testng.reporters.JUnitReportReporter -->
<testsuite skipped="1" hostname="MAC-AZR-137" name="com.testCases.NovScreens" tests="2" failures="0" timestamp="31 Jan 2023 10:46:16 GMT" time="15.611" errors="0">
  <testcase name="urlLaunch" time="15.611" classname="com.testCases.NovScreens"/>
  <testcase name="codeColumnsValidationReorientedDepartureReasonforRefusal" classname="com.testCases.NovScreens">
    <skipped/>
  </testcase> <!-- codeColumnsValidationReorientedDepartureReasonforRefusal -->
</testsuite> <!-- com.testCases.NovScreens -->
