<?xml version="1.0" encoding="UTF-8"?>
<!-- Generated by org.testng.reporters.JUnitReportReporter -->
<testsuite skipped="0" hostname="MAC-AZR-137" name="com.testCases.TicketingKiosk_Positive" tests="6" failures="0" timestamp="25 Aug 2022 07:31:34 GMT" time="24.392" errors="0">
  <testcase name="launchingUrl" time="10.809" classname="com.testCases.TicketingKiosk_Positive"/>
  <testcase name="authentication" time="5.917" classname="com.testCases.TicketingKiosk_Positive"/>
  <testcase name="kiosk_homeScreen" time="1.370" classname="com.testCases.TicketingKiosk_Positive"/>
  <testcase name="VerifyingLogo_Kiosk" time="0.191" classname="com.testCases.TicketingKiosk_Positive"/>
  <testcase name="kiosk_printingScreen" time="6.099" classname="com.testCases.TicketingKiosk_Positive"/>
  <testcase name="closingTheApplication" time="0.006" classname="com.testCases.TicketingKiosk_Positive"/>
</testsuite> <!-- com.testCases.TicketingKiosk_Positive -->
