<?xml version="1.0" encoding="UTF-8"?>
<!-- Generated by org.testng.reporters.JUnitReportReporter -->
<testsuite skipped="0" hostname="MAC-AZR-137" name="com.testCases.TicketingKiosk_Negative" tests="3" failures="0" timestamp="25 Aug 2022 06:18:55 GMT" time="20.866" errors="0">
  <testcase name="launchingUrl" time="7.862" classname="com.testCases.TicketingKiosk_Negative"/>
  <testcase name="authentication" time="7.439" classname="com.testCases.TicketingKiosk_Negative"/>
  <testcase name="kioskHomePage" time="5.565" classname="com.testCases.TicketingKiosk_Negative"/>
</testsuite> <!-- com.testCases.TicketingKiosk_Negative -->
